<?xml version="1.0" encoding="UTF-8" ?>
<testsuite tests="10" failures="0" name="org.springframework.samples.petclinic.service.ClinicServiceJdbcTests" time="0.367" errors="0" skipped="0">
  <properties>
[...]
</properties>
  <testcase classname="org.springframework.samples.petclinic.service.ClinicServiceJdbcTests" name="updatePet" time="0.118"/>
  <testcase classname="org.springframework.samples.petclinic.service.ClinicServiceJdbcTests" name="getPetTypes" time="0.002"/>
  <testcase classname="org.springframework.samples.petclinic.service.ClinicServiceJdbcTests" name="findPet" time="0.009"/>
  <testcase classname="org.springframework.samples.petclinic.service.ClinicServiceJdbcTests" name="findVets" time="0.014"/>
  <testcase classname="org.springframework.samples.petclinic.service.ClinicServiceJdbcTests" name="updateOwner" time="0.008"/>
  <testcase classname="org.springframework.samples.petclinic.service.ClinicServiceJdbcTests" name="insertPet" time="0.088"/>
  <testcase classname="org.springframework.samples.petclinic.service.ClinicServiceJdbcTests" name="findSingleOwner" time="0.029"/>
  <testcase classname="org.springframework.samples.petclinic.service.ClinicServiceJdbcTests" name="insertOwner" time="0.043"/>
  <testcase classname="org.springframework.samples.petclinic.service.ClinicServiceJdbcTests" name="insertVisit" time="0.042"/>
  <testcase classname="org.springframework.samples.petclinic.service.ClinicServiceJdbcTests" name="findOwners" time="0.014"/>
</testsuite>